<?xml version="1.0" encoding="UTF-8"?>
<!-- Generated by org.testng.reporters.JUnitXMLReporter -->
<testsuite ignored="4" hostname="MWLTPF1MEAFD" failures="0" tests="7" name="TestCases" time="5.131" errors="0" timestamp="2019-10-09T18:38:11 SAST">
  <testcase classname="TakeAway.AssesmentRest.Test_GetAlbums" name="getAlbumsIsReturningRecords" time="2.438"/>
  <testcase classname="TakeAway.AssesmentRest.Test_AddRecord" name="testAddRecordAndConfirmRespond" time="2.449"/>
  <testcase classname="TakeAway.AssesmentRest.Test_GetAlbums" name="getFirstAlbumRecordAndConfirmAllReturnedData" time="0.855"/>
  <testcase classname="TakeAway.AssesmentRest.Test_GetUsers" name="getFirstUserRecordAndConfirmAllReturnedData" time="0.925"/>
  <testcase classname="TakeAway.AssesmentRest.Test_GetUsers" name="getUsersIsReturningRecords" time="0.749"/>
  <testcase classname="TakeAway.AssesmentRest.Test_GetAlbums" name="logRespondsTimeOnGettingAllUsers" time="0.869"/>
  <testcase classname="TakeAway.AssesmentRest.Test_GetUsers" name="logRespondsTimeOnGettingAllUsers" time="0.946"/>
  <testcase classname="TakeAway.AssesmentRest.Base" name="@AfterTest logAfter" time="0.0">
    <ignored/>
  </testcase> <!-- @AfterTest logAfter -->
  <testcase classname="TakeAway.AssesmentRest.Base" name="@AfterTest logAfter" time="0.0">
    <ignored/>
  </testcase> <!-- @AfterTest logAfter -->
  <testcase classname="TakeAway.AssesmentRest.Base" name="@BeforeTest log" time="0.0">
    <ignored/>
  </testcase> <!-- @BeforeTest log -->
  <testcase classname="TakeAway.AssesmentRest.Base" name="@BeforeTest log" time="0.0">
    <ignored/>
  </testcase> <!-- @BeforeTest log -->
</testsuite> <!-- TestCases -->
