<?xml version="1.0" encoding="UTF-8"?>
<testng-results ignored="0" total="1" passed="1" failed="0" skipped="0">
  <reporter-output>
  </reporter-output>
  <suite started-at="2019-10-07T23:47:48 SAST" name="Default suite" finished-at="2019-10-07T23:47:55 SAST" duration-ms="7471">
    <groups>
    </groups>
    <test started-at="2019-10-07T23:47:48 SAST" name="Default test" finished-at="2019-10-07T23:47:55 SAST" duration-ms="7471">
      <class name="TakeAway.AssesmentRest.Test_Post">
        <test-method signature="testIsReturningARequest()[pri:0, instance:TakeAway.AssesmentRest.Test_Post@a4102b8]" started-at="2019-10-07T23:47:48 SAST" name="testIsReturningARequest" finished-at="2019-10-07T23:47:55 SAST" duration-ms="7435" status="PASS">
          <reporter-output>
          </reporter-output>
        </test-method> <!-- testIsReturningARequest -->
      </class> <!-- TakeAway.AssesmentRest.Test_Post -->
    </test> <!-- Default test -->
  </suite> <!-- Default suite -->
</testng-results>
