<?xml version="1.0" encoding="UTF-8"?>
<testng-results ignored="0" total="1" passed="1" failed="0" skipped="0">
  <reporter-output>
    <line>
      <![CDATA[Message]]>
    </line>
  </reporter-output>
  <suite started-at="2019-10-09T18:46:10 SAST" name="Default suite" finished-at="2019-10-09T18:46:12 SAST" duration-ms="2721">
    <groups>
    </groups>
    <test started-at="2019-10-09T18:46:10 SAST" name="Default test" finished-at="2019-10-09T18:46:12 SAST" duration-ms="2721">
      <class name="TakeAway.AssesmentRest.Test_AddRecord">
        <test-method is-config="true" signature="log()[pri:0, instance:TakeAway.AssesmentRest.Test_AddRecord@1d76aeea]" started-at="2019-10-09T18:46:10 SAST" name="log" finished-at="2019-10-09T18:46:10 SAST" duration-ms="12" status="PASS">
          <reporter-output>
            <line>
              <![CDATA[Message]]>
            </line>
          </reporter-output>
        </test-method> <!-- log -->
        <test-method signature="testAddRecordAndConfirmRespond()[pri:0, instance:TakeAway.AssesmentRest.Test_AddRecord@1d76aeea]" started-at="2019-10-09T18:46:10 SAST" name="testAddRecordAndConfirmRespond" finished-at="2019-10-09T18:46:12 SAST" duration-ms="2675" status="PASS">
          <reporter-output>
          </reporter-output>
        </test-method> <!-- testAddRecordAndConfirmRespond -->
        <test-method is-config="true" signature="logAfter()[pri:0, instance:TakeAway.AssesmentRest.Test_AddRecord@1d76aeea]" started-at="2019-10-09T18:46:12 SAST" name="logAfter" finished-at="2019-10-09T18:46:12 SAST" duration-ms="0" status="PASS">
          <reporter-output>
          </reporter-output>
        </test-method> <!-- logAfter -->
      </class> <!-- TakeAway.AssesmentRest.Test_AddRecord -->
    </test> <!-- Default test -->
  </suite> <!-- Default suite -->
</testng-results>
